Sections:
00: "org0001:801" (801-97F)


Source: "src/border-sprites.asm"
                        	     1:         ;; Sprites in the top & bottom borders
                        	     2:         
                        	     3:         ;; Observations:
                        	     4:         ;; - y coordinates  0-14: bottom border (15 px)
                        	     5:         ;;                 15-30: bottom border, repeats in top border (16 px)
                        	     6:         ;; - y coordinates 31-49: top border (19 px)
                        	     7: 
                        	     8:         ;; Symbol definitions
                        	     9: cinv:   .equ $0314
                        	    10: sp0ptr: .equ $07f8
                        	    11: vic:    .equ $d000
                        	    12: sp0x:   .equ vic
                        	    13: sp0y:   .equ vic + $01
                        	    14: sp1x:   .equ vic + $02
                        	    15: sp1y:   .equ vic + $03
                        	    16: sp2x:   .equ vic + $04
                        	    17: sp2y:   .equ vic + $05
                        	    18: sp3x:   .equ vic + $06
                        	    19: sp3y:   .equ vic + $07
                        	    20: sp4x:   .equ vic + $08
                        	    21: sp4y:   .equ vic + $09
                        	    22: sp5x:   .equ vic + $0a
                        	    23: sp5y:   .equ vic + $0b
                        	    24: sp6x:   .equ vic + $0c
                        	    25: sp6y:   .equ vic + $0d
                        	    26: sp7x:   .equ vic + $0e
                        	    27: sp7y:   .equ vic + $0f
                        	    28: scroly: .equ vic + $11
                        	    29: raster: .equ vic + $12
                        	    30: spena:  .equ vic + $15
                        	    31: vicirq: .equ vic + $19
                        	    32: irqmsk: .equ vic + $1a
                        	    33: xxpand: .equ vic + $1d
                        	    34: sp0col: .equ vic + $27
                        	    35: ci1icr: .equ $dc0d
                        	    36: sysirq: .equ $ea7e
                        	    37: linclr: .equ 249
                        	    38: linset: .equ 255
                        	    39:         
                        	    40:         ;; Start of code
                        	    41:         .org $0801
                        	    42: 
                        	    43:         ;; BASIC header                                                                        
00:0801 0B08            	    44:         .word nxl,10
00:0803 0A00
00:0805 9E              	    45:         .byte $9e
00:0806 32303631        	    46:         .string "2061"
00:080A 00
00:080B 0000            	    47: nxl:    .word 0
                        	    48: 
                        	    49:         ;; Initialization
00:080D A900            	    50:         lda #0
00:080F 8DFF3F          	    51:         sta $3fff               ;ensure no garbage in borders        
00:0812 202208          	    52:         jsr setupspr            ;setup sprites
00:0815 209808          	    53:         jsr setupirq            ;setup IRQ handler
                        	    54:         
                        	    55:         ;; Busy loop
00:0818 EA              	    56: loop:   nop
00:0819 EA              	    57:         nop
00:081A EA              	    58:         nop
00:081B EA              	    59:         nop
00:081C EA              	    60:         nop
00:081D EA              	    61:         nop
00:081E EA              	    62:         nop
00:081F 4C1808          	    63:         jmp loop
                        	    64: 
                        	    65:         ;; Setup sprites
                        	    66: setupspr:
                        	    67:         ;; enable all 8 sprites
00:0822 A9FF            	    68:         lda #$ff
00:0824 8D15D0          	    69:         sta spena
                        	    70:         ;; set sprites 1,2 & 5,6 to double width
00:0827 A966            	    71:         lda #$66
00:0829 8D1DD0          	    72:         sta xxpand
                        	    73:         ;; set sprite colours
00:082C A007            	    74:         ldy #7
00:082E 98              	    75:         tya
00:082F A200            	    76:         ldx #0
00:0831 E008            	    77: :       cpx #8
00:0833 F009            	    78:         beq :+
00:0835 98              	    79:         tya
00:0836 9D27D0          	    80:         sta sp0col,x
00:0839 C8              	    81:         iny
00:083A E8              	    82:         inx        
00:083B 4C3108          	    83:         jmp :-
                        	    84:         ;; set sprite pointers
00:083E A924            	    85: :       lda #sp0def/64
00:0840 8DF807          	    86:         sta sp0ptr
00:0843 8DF907          	    87:         sta sp0ptr + 1
00:0846 8DFA07          	    88:         sta sp0ptr + 2
00:0849 8DFB07          	    89:         sta sp0ptr + 3          ;first 4 sprites use shape 0
00:084C A925            	    90:         lda #sp1def/64
00:084E 8DFC07          	    91:         sta sp0ptr + 4
00:0851 8DFD07          	    92:         sta sp0ptr + 5
00:0854 8DFE07          	    93:         sta sp0ptr + 6
00:0857 8DFF07          	    94:         sta sp0ptr + 7          ;last 4 sprites use shape 1
                        	    95:         ;; set sprite x coordinates
00:085A 18              	    96:         clc
00:085B A918            	    97:         lda #24
00:085D 8D00D0          	    98:         sta sp0x
00:0860 8D08D0          	    99:         sta sp4x
00:0863 6918            	   100:         adc #24
00:0865 8D02D0          	   101:         sta sp1x
00:0868 8D0AD0          	   102:         sta sp5x
00:086B 6930            	   103:         adc #48
00:086D 8D04D0          	   104:         sta sp2x
00:0870 8D0CD0          	   105:         sta sp6x
00:0873 6930            	   106:         adc #48
00:0875 8D06D0          	   107:         sta sp3x
00:0878 8D0ED0          	   108:         sta sp7x
                        	   109:         ;; set sprite y coordinates
00:087B A91F            	   110:         lda #31
00:087D 8D01D0          	   111:         sta sp0y
00:0880 8D03D0          	   112:         sta sp1y
00:0883 8D05D0          	   113:         sta sp2y
00:0886 8D07D0          	   114:         sta sp3y                ;first 4 sprites at y=31 (top border)
00:0889 A900            	   115:         lda #0
00:088B 8D09D0          	   116:         sta sp4y
00:088E 8D0BD0          	   117:         sta sp5y
00:0891 8D0DD0          	   118:         sta sp6y
00:0894 8D0FD0          	   119:         sta sp7y                ;last 4 sprites at y=0 (bottom border)
00:0897 60              	   120:         rts
                        	   121:         
                        	   122:         ;; Setup IRQ handler
                        	   123: setupirq:
00:0898 78              	   124:         sei
00:0899 A97F            	   125:         lda #$7f
00:089B 8D0DDC          	   126:         sta ci1icr              ;enable IRQs
00:089E A901            	   127:         lda #$01
00:08A0 8D1AD0          	   128:         sta irqmsk              ;enable raster IRQ
00:08A3 A91B            	   129:         lda #$1b
00:08A5 8D11D0          	   130:         sta scroly              ;clear scroly high bit
00:08A8 A9FF            	   131:         lda #linset
00:08AA 8D12D0          	   132:         sta raster              ;set scanline for next raster IRQ
00:08AD A9B9            	   133:         lda #<procirq
00:08AF 8D1403          	   134:         sta cinv
00:08B2 A908            	   135:         lda #>procirq
00:08B4 8D1503          	   136:         sta cinv+1              ;set IRQ handler
00:08B7 58              	   137:         cli
00:08B8 60              	   138:         rts
                        	   139: 
                        	   140:         ;; IRQ handler
                        	   141: procirq:
00:08B9 AD12D0          	   142:         lda raster
00:08BC C9FF            	   143:         cmp #linset
00:08BE F010            	   144:         beq setbit
                        	   145:         ;; Clear bit 3 of scroly
00:08C0 AD11D0          	   146:         lda scroly
00:08C3 29F7            	   147:         and #%11110111
00:08C5 8D11D0          	   148:         sta scroly
00:08C8 A9FF            	   149:         lda #linset
00:08CA 8D12D0          	   150:         sta raster              ;next IRQ at linset
00:08CD 4CDD08          	   151:         jmp finirq
                        	   152:         ;; Set bit 3 of scroly
00:08D0 AD11D0          	   153: setbit: lda scroly
00:08D3 0908            	   154:         ora #%00001000
00:08D5 8D11D0          	   155:         sta scroly
00:08D8 A9F9            	   156:         lda #linclr
00:08DA 8D12D0          	   157:         sta raster              ;next IRQ at linclr
00:08DD 0E19D0          	   158: finirq: asl vicirq              ;ACK raster IRQ
00:08E0 4C7EEA          	   159:         jmp sysirq
                        	   160: 
                        	   161:         ;; Sprite shape definitions
                        	   162:         .align 5
00:0900 FF              	   163: sp0def: .blk 24,$ff
00:0901 *
00:0918 00              	   164:         .blk 39,$00
00:0919 *
                        	   165:         .align 5
00:0940 FF              	   166: sp1def: .blk 45,$ff
00:0941 *
00:096D 00              	   167:         .blk 18,$00
00:096E *
                        	   168: 


Symbols by name:
ci1icr                           E:DC0D
cinv                             E:0314
finirq                           A:08DD
irqmsk                           E:D01A
linclr                           E:00F9
linset                           E:00FF
loop                             A:0818
nxl                              A:080B
procirq                          A:08B9
raster                           E:D012
scroly                           E:D011
setbit                           A:08D0
setupirq                         A:0898
setupspr                         A:0822
sp0col                           E:D027
sp0def                           A:0900
sp0ptr                           E:07F8
sp0x                             E:D000
sp0y                             E:D001
sp1def                           A:0940
sp1x                             E:D002
sp1y                             E:D003
sp2x                             E:D004
sp2y                             E:D005
sp3x                             E:D006
sp3y                             E:D007
sp4x                             E:D008
sp4y                             E:D009
sp5x                             E:D00A
sp5y                             E:D00B
sp6x                             E:D00C
sp6y                             E:D00D
sp7x                             E:D00E
sp7y                             E:D00F
spena                            E:D015
sysirq                           E:EA7E
vic                              E:D000
vicirq                           E:D019
xxpand                           E:D01D

Symbols by value:
00F9 linclr
00FF linset
0314 cinv
07F8 sp0ptr
080B nxl
0818 loop
0822 setupspr
0898 setupirq
08B9 procirq
08D0 setbit
08DD finirq
0900 sp0def
0940 sp1def
D000 sp0x
D000 vic
D001 sp0y
D002 sp1x
D003 sp1y
D004 sp2x
D005 sp2y
D006 sp3x
D007 sp3y
D008 sp4x
D009 sp4y
D00A sp5x
D00B sp5y
D00C sp6x
D00D sp6y
D00E sp7x
D00F sp7y
D011 scroly
D012 raster
D015 spena
D019 vicirq
D01A irqmsk
D01D xxpand
D027 sp0col
DC0D ci1icr
EA7E sysirq
